<?xml version="1.0" encoding="UTF-8"?>
<!-- Generated by org.testng.reporters.JUnitXMLReporter -->
<testsuite ignored="0" hostname="DESKTOP-DCUKDOL" failures="0" tests="5" name="ChromeTest" time="21.437" errors="0" timestamp="2026-04-10T11:28:04 IST">
  <testcase classname="pages.Swag_Parameters" name="ValidValidLogin" time="0.739"/>
  <testcase classname="pages.Swag_Parameters" name="InvalidLogin" time="1.712"/>
  <testcase classname="pages.Swag_Parameters" name="ValidInvalidLogin" time="0.587"/>
  <testcase classname="pages.Swag_Parameters" name="InValidvalidLogin" time="0.916"/>
  <testcase classname="pages.Swag_Parameters" name="BlankLogin" time="1.122"/>
</testsuite> <!-- ChromeTest -->
