<?xml version="1.0" encoding="UTF-8"?>
<!-- Generated by org.testng.reporters.JUnitXMLReporter -->
<testsuite ignored="0" hostname="DESKTOP-DCUKDOL" failures="0" tests="5" name="EdgeTest" time="20.561" errors="0" timestamp="2026-04-10T11:28:03 IST">
  <testcase classname="pages.Swag_Parameters" name="ValidValidLogin" time="0.776"/>
  <testcase classname="pages.Swag_Parameters" name="InvalidLogin" time="0.846"/>
  <testcase classname="pages.Swag_Parameters" name="ValidInvalidLogin" time="0.598"/>
  <testcase classname="pages.Swag_Parameters" name="InValidvalidLogin" time="0.968"/>
  <testcase classname="pages.Swag_Parameters" name="BlankLogin" time="0.778"/>
</testsuite> <!-- EdgeTest -->
