<?xml version="1.0" encoding="UTF-8"?>
<!-- Generated by org.testng.reporters.JUnitXMLReporter -->
<testsuite ignored="0" hostname="DESKTOP-DCUKDOL" failures="0" tests="5" name="FireFoxTest" time="39.351" errors="0" timestamp="2026-04-10T11:28:22 IST">
  <testcase classname="pages.Swag_Parameters" name="ValidValidLogin" time="0.887"/>
  <testcase classname="pages.Swag_Parameters" name="InvalidLogin" time="1.125"/>
  <testcase classname="pages.Swag_Parameters" name="ValidInvalidLogin" time="0.388"/>
  <testcase classname="pages.Swag_Parameters" name="InValidvalidLogin" time="0.642"/>
  <testcase classname="pages.Swag_Parameters" name="BlankLogin" time="0.273"/>
</testsuite> <!-- FireFoxTest -->
