<?xml version="1.0" encoding="UTF-8"?>
<!-- Generated by org.testng.reporters.JUnitXMLReporter -->
<testsuite ignored="0" hostname="DESKTOP-DCUKDOL" failures="1" tests="6" name="GTest" time="6.678" errors="0" timestamp="2026-04-10T11:58:24 IST">
  <testcase classname="pages.TestNg_Groups" name="AddToCartTest" time="0.016"/>
  <testcase classname="pages.TestNg_Groups" name="CheckoutTest" time="0.002"/>
  <testcase classname="pages.TestNg_Groups" name="PaymentTest" time="0.002"/>
  <testcase classname="pages.TestNg_Groups" name="SearchTest" time="0.003"/>
  <testcase classname="pages.TestNg_Groups" name="TitleVerification" time="2.871">
    <failure type="java.lang.NullPointerException" message="Cannot invoke &amp;quot;org.openqa.selenium.WebDriver.getTitle()&amp;quot; because &amp;quot;driver&amp;quot; is null">
      <![CDATA[java.lang.NullPointerException: Cannot invoke "org.openqa.selenium.WebDriver.getTitle()" because "driver" is null
at org.openqa.selenium.support.ui.ExpectedConditions$2.apply(ExpectedConditions.java:87)
at org.openqa.selenium.support.ui.ExpectedConditions$2.apply(ExpectedConditions.java:82)
at org.openqa.selenium.support.ui.FluentWait.until(FluentWait.java:209)
at pages.TestNg_Groups.TitleVerification(TestNg_Groups.java:27)
at java.base/java.util.concurrent.Executors$RunnableAdapter.call(Executors.java:545)
at java.base/java.util.concurrent.FutureTask.run(FutureTask.java:330)
at java.base/java.util.concurrent.ThreadPoolExecutor.runWorker(ThreadPoolExecutor.java:1090)
at java.base/java.util.concurrent.ThreadPoolExecutor$Worker.run(ThreadPoolExecutor.java:614)
at java.base/java.lang.Thread.run(Thread.java:1516)
... Removed 11 stack frames]]>
    </failure>
  </testcase> <!-- TitleVerification -->
  <testcase classname="pages.TestNg_Groups" name="LoginTest" time="3.662"/>
</testsuite> <!-- GTest -->
