<?xml version="1.0" encoding="UTF-8"?>
<!-- Generated by org.testng.reporters.JUnitReportReporter -->
<testsuite hostname="DESKTOP-DCUKDOL" failures="0" tests="9" name="pages.LoginPage" time="48.761" errors="0" timestamp="2026-04-09T11:06:37 IST" skipped="0">
  <testcase classname="pages.LoginPage" name="SwagLabsLogin" time="4.861"/>
  <testcase classname="pages.LoginPage" name="SwagLabsLogin" time="4.851"/>
  <testcase classname="pages.LoginPage" name="SwagLabsLogin" time="6.403"/>
  <testcase classname="pages.LoginPage" name="SwagLabsLogin" time="7.239"/>
  <testcase classname="pages.LoginPage" name="SwagLabsLogin" time="4.675"/>
  <testcase classname="pages.LoginPage" name="SwagLabsLogin" time="4.758"/>
  <testcase classname="pages.LoginPage" name="SwagLabsLogin" time="4.621"/>
  <testcase classname="pages.LoginPage" name="SwagLabsLogin" time="6.087"/>
  <testcase classname="pages.LoginPage" name="SwagLabsLogin" time="5.266"/>
</testsuite> <!-- pages.LoginPage -->
