<?xml version="1.0" encoding="UTF-8"?>
<!-- Generated by org.testng.reporters.JUnitReportReporter -->
<testsuite hostname="DESKTOP-DCUKDOL" failures="0" tests="15" name="pages.Swag_Parameters" time="81.118" errors="0" timestamp="2026-04-10T11:28:22 IST" skipped="0">
  <testcase classname="pages.Swag_Parameters" name="ValidValidLogin" time="3.906"/>
  <testcase classname="pages.Swag_Parameters" name="ValidValidLogin" time="6.231"/>
  <testcase classname="pages.Swag_Parameters" name="ValidValidLogin" time="4.726"/>
  <testcase classname="pages.Swag_Parameters" name="InvalidLogin" time="4.633"/>
  <testcase classname="pages.Swag_Parameters" name="InvalidLogin" time="3.491"/>
  <testcase classname="pages.Swag_Parameters" name="InvalidLogin" time="6.521"/>
  <testcase classname="pages.Swag_Parameters" name="ValidInvalidLogin" time="4.742"/>
  <testcase classname="pages.Swag_Parameters" name="ValidInvalidLogin" time="3.796"/>
  <testcase classname="pages.Swag_Parameters" name="ValidInvalidLogin" time="8.116"/>
  <testcase classname="pages.Swag_Parameters" name="InValidvalidLogin" time="9.176"/>
  <testcase classname="pages.Swag_Parameters" name="InValidvalidLogin" time="4.849"/>
  <testcase classname="pages.Swag_Parameters" name="InValidvalidLogin" time="3.467"/>
  <testcase classname="pages.Swag_Parameters" name="BlankLogin" time="3.786"/>
  <testcase classname="pages.Swag_Parameters" name="BlankLogin" time="4.440"/>
  <testcase classname="pages.Swag_Parameters" name="BlankLogin" time="9.238"/>
</testsuite> <!-- pages.Swag_Parameters -->
