<?xml version="1.0" encoding="UTF-8"?>
<!-- Generated by org.testng.reporters.JUnitReportReporter -->
<testsuite hostname="DESKTOP-DCUKDOL" failures="0" tests="3" name="runnerfiles.CucumberRunnerFileTestNG" time="13.854" errors="0" timestamp="2026-03-17T12:02:43 IST" skipped="0">
  <testcase classname="runnerfiles.CucumberRunnerFileTestNG" name="runScenario" time="3.575"/>
  <testcase classname="runnerfiles.CucumberRunnerFileTestNG" name="runScenario" time="7.678"/>
  <testcase classname="runnerfiles.CucumberRunnerFileTestNG" name="runScenario" time="2.601"/>
</testsuite> <!-- runnerfiles.CucumberRunnerFileTestNG -->
